Change Component Footprint: Designator=C3 Old Footprint=CAP_0805 New Footprint=CAP_0402
Change Component Footprint: Designator=C6 Old Footprint=CAP_0805 New Footprint=CAP_0402
Change Component Footprint: Designator=C7 Old Footprint=CAP_0805 New Footprint=CAP_0402
Change Component Footprint: Designator=C8 Old Footprint=CAP_0805 New Footprint=CAP_0402
Change Component Footprint: Designator=C9 Old Footprint=CAP_0805 New Footprint=CAP_0402
Change Component Footprint: Designator=C11 Old Footprint=CAP_0805 New Footprint=CAP_0402
Change Component Footprint: Designator=C12 Old Footprint=CAP_0805 New Footprint=CAP_0402
Change Component Footprint: Designator=C13 Old Footprint=CAP_0805 New Footprint=CAP_0402
Change Component Footprint: Designator=C4 Old Footprint=JP4-C1T New Footprint=MQ5-MODULE
Change Component Footprint: Designator=LED6 Old Footprint=LED-0805-Blue New Footprint=LED-3
Change Component Footprint: Designator=LED9 Old Footprint=LED-0805-Blue New Footprint=LED-3
Change Component Footprint: Designator=LED7 Old Footprint=LED-0805-Orange New Footprint=LED-3
Change Component Footprint: Designator=LED8 Old Footprint=LED-0805-Orange New Footprint=LED-3
Change Component Footprint: Designator=LED1 Old Footprint=LED-0805-Red New Footprint=LED-3
Change Component Footprint: Designator=LED3 Old Footprint=LED-0805-Red New Footprint=LED-3
Change Component Footprint: Designator=LED4 Old Footprint=LED-0805-Red New Footprint=LED-3
Change Component Footprint: Designator=LED5 Old Footprint=LED-0805-Red New Footprint=LED-3
Change Component Footprint: Designator=R1 Old Footprint=RES-SMD-0805 New Footprint=RES-SMD-0101
Change Component Footprint: Designator=R2 Old Footprint=RES-SMD-0805 New Footprint=RES-SMD-0101
Change Component Footprint: Designator=R3 Old Footprint=RES-SMD-0805 New Footprint=RES-SMD-0101
Change Component Footprint: Designator=R4 Old Footprint=RES-SMD-0805 New Footprint=RES-SMD-0101
Change Component Footprint: Designator=R5 Old Footprint=RES-SMD-0805 New Footprint=RES-SMD-0101
Change Component Footprint: Designator=R6 Old Footprint=RES-SMD-0805 New Footprint=RES-SMD-0101
Change Component Footprint: Designator=R7 Old Footprint=RES-SMD-0805 New Footprint=RES-SMD-0101
Change Component Footprint: Designator=R8 Old Footprint=RES-SMD-0805 New Footprint=RES-SMD-0101
Change Component Footprint: Designator=R9 Old Footprint=RES-SMD-0805 New Footprint=RES-SMD-0101
Change Component Footprint: Designator=R10 Old Footprint=RES-SMD-0805 New Footprint=RES-SMD-0101
Change Component Footprint: Designator=R11 Old Footprint=RES-SMD-0805 New Footprint=RES-SMD-0101
Change Component Footprint: Designator=R12 Old Footprint=RES-SMD-0805 New Footprint=RES-SMD-0101
Change Component Footprint: Designator=R13 Old Footprint=RES-SMD-0805 New Footprint=RES-SMD-0101
Change Component Footprint: Designator=R14 Old Footprint=RES-SMD-0805 New Footprint=RES-SMD-0101
Change Component Footprint: Designator=R15 Old Footprint=RES-SMD-0805 New Footprint=RES-SMD-0101
Change Component Footprint: Designator=R16 Old Footprint=RES-SMD-0805 New Footprint=RES-SMD-0101
Change Component Footprint: Designator=R17 Old Footprint=RES-SMD-0805 New Footprint=RES-SMD-0101
Change Component Footprint: Designator=R18 Old Footprint=RES-SMD-0805 New Footprint=RES-SMD-0101
Change Component Footprint: Designator=R19 Old Footprint=RES-SMD-0805 New Footprint=RES-SMD-0101
Change Component Footprint: Designator=R20 Old Footprint=RES-SMD-0805 New Footprint=RES-SMD-0101
Change Component Footprint: Designator=R21 Old Footprint=RES-SMD-0805 New Footprint=RES-SMD-0101
Change Component Footprint: Designator=R22 Old Footprint=RES-SMD-0805 New Footprint=RES-SMD-0101
Change Component Footprint: Designator=R23 Old Footprint=RES-SMD-0805 New Footprint=RES-SMD-0101
Change Component Footprint: Designator=R40 Old Footprint=RES-SMD-0805 New Footprint=RES-SMD-0101
Change Component Comment : Designator=R16 Old Comment=0.4R New Comment=1k
Change Component Comment : Designator=R22 Old Comment=0R New Comment=1k
Change Component Comment : Designator=R23 Old Comment=0R New Comment=1k
Change Component Comment : Designator=R20 Old Comment=1.2K New Comment=1k
Change Component Comment : Designator=C6 Old Comment=1uF New Comment=104
Change Component Comment : Designator=C13 Old Comment=4.7uf New Comment=104
Change Component Comment : Designator=R4 Old Comment=10K New Comment=1k
Change Component Comment : Designator=R13 Old Comment=10k New Comment=1k
Change Component Comment : Designator=R40 Old Comment=10K New Comment=1k
Change Component Comment : Designator=C3 Old Comment=10uF New Comment=104
Change Component Comment : Designator=C8 Old Comment=10uF New Comment=104
Change Component Comment : Designator=C7 Old Comment=100nF New Comment=104
Change Component Comment : Designator=C9 Old Comment=100nF New Comment=104
Change Component Comment : Designator=C11 Old Comment=100nF New Comment=104
Change Component Comment : Designator=C12 Old Comment=100nF New Comment=104
Change Component Comment : Designator=R17 Old Comment=100R New Comment=1k
Change Component Comment : Designator=R1 Old Comment=470 New Comment=1k
Change Component Comment : Designator=R5 Old Comment=470 New Comment=1k
Change Component Comment : Designator=R7 Old Comment=470R New Comment=1k
Change Component Comment : Designator=R9 Old Comment=470R New Comment=1k
Change Component Comment : Designator=R11 Old Comment=470R New Comment=1k
Change component parameters: Designator = "Q1"; Footprint = "TO92-123"; UniqueID = "\XDFPOBOU"
Change component parameters. Clean all parameters for all variants
Change component parameters (AddParameter): Name = ""; Value = "C828"; VariantName = "[No Variations]"
Change component parameters (AddParameter): Name = "Value"; Value = "C1815"; VariantName = "[No Variations]"
Change component parameters: Designator = "Q2"; Footprint = "TO92-123"; UniqueID = "\BSDRHVAI"
Change component parameters. Clean all parameters for all variants
Change component parameters (AddParameter): Name = ""; Value = "C828"; VariantName = "[No Variations]"
Change component parameters (AddParameter): Name = "Value"; Value = "C1815"; VariantName = "[No Variations]"
Change component parameters: Designator = "Q3"; Footprint = "TO92-123"; UniqueID = "\RMEOTVBL"
Change component parameters. Clean all parameters for all variants
Change component parameters (AddParameter): Name = ""; Value = "C828"; VariantName = "[No Variations]"
Change component parameters (AddParameter): Name = "Value"; Value = "C1815"; VariantName = "[No Variations]"
Change component parameters: Designator = "Q4"; Footprint = "TO92-123"; UniqueID = "\KLNQLVLQ"
Change component parameters. Clean all parameters for all variants
Change component parameters (AddParameter): Name = ""; Value = "C828"; VariantName = "[No Variations]"
Change component parameters (AddParameter): Name = "Value"; Value = "C1815"; VariantName = "[No Variations]"
Change component parameters: Designator = "D1"; Footprint = "DO-214AC(SMA)"; UniqueID = "\QVBABTUT"
Change component parameters. Clean all parameters for all variants
Change component parameters (AddParameter): Name = "Chung_Loai"; Value = "Dán"; VariantName = "[No Variations]"
Change component parameters (AddParameter): Name = "Don_Vi"; Value = "Con"; VariantName = "[No Variations]"
Change component parameters (AddParameter): Name = "Ghi_Chu"; Value = ""; VariantName = "[No Variations]"
Change component parameters (AddParameter): Name = "Kieu_Chan"; Value = ""; VariantName = "[No Variations]"
Change component parameters (AddParameter): Name = "Ma_Hang"; Value = "MH000944"; VariantName = "[No Variations]"
Change component parameters (AddParameter): Name = "Ten_Linh_Kien"; Value = "Diode M7 1N4007 SMD 1A 1000V"; VariantName = "[No Variations]"
Change component parameters: Designator = "D2"; Footprint = "DO-214AC(SMA)"; UniqueID = "\HQHKHTEN"
Change component parameters. Clean all parameters for all variants
Change component parameters (AddParameter): Name = "Chung_Loai"; Value = "Dán"; VariantName = "[No Variations]"
Change component parameters (AddParameter): Name = "Don_Vi"; Value = "Con"; VariantName = "[No Variations]"
Change component parameters (AddParameter): Name = "Ghi_Chu"; Value = ""; VariantName = "[No Variations]"
Change component parameters (AddParameter): Name = "Kieu_Chan"; Value = ""; VariantName = "[No Variations]"
Change component parameters (AddParameter): Name = "Ma_Hang"; Value = "MH000944"; VariantName = "[No Variations]"
Change component parameters (AddParameter): Name = "Ten_Linh_Kien"; Value = "Diode M7 1N4007 SMD 1A 1000V"; VariantName = "[No Variations]"
Change component parameters: Designator = "D3"; Footprint = "DO-214AC(SMA)"; UniqueID = "\VNPHJYYE"
Change component parameters. Clean all parameters for all variants
Change component parameters (AddParameter): Name = "Chung_Loai"; Value = "Dán"; VariantName = "[No Variations]"
Change component parameters (AddParameter): Name = "Don_Vi"; Value = "Con"; VariantName = "[No Variations]"
Change component parameters (AddParameter): Name = "Ghi_Chu"; Value = ""; VariantName = "[No Variations]"
Change component parameters (AddParameter): Name = "Kieu_Chan"; Value = ""; VariantName = "[No Variations]"
Change component parameters (AddParameter): Name = "Ma_Hang"; Value = "MH000944"; VariantName = "[No Variations]"
Change component parameters (AddParameter): Name = "Ten_Linh_Kien"; Value = "Diode M7 1N4007 SMD 1A 1000V"; VariantName = "[No Variations]"
Change component parameters: Designator = "D4"; Footprint = "DO-214AC(SMA)"; UniqueID = "\RBNWKITR"
Change component parameters. Clean all parameters for all variants
Change component parameters (AddParameter): Name = "Chung_Loai"; Value = "Dán"; VariantName = "[No Variations]"
Change component parameters (AddParameter): Name = "Don_Vi"; Value = "Con"; VariantName = "[No Variations]"
Change component parameters (AddParameter): Name = "Ghi_Chu"; Value = ""; VariantName = "[No Variations]"
Change component parameters (AddParameter): Name = "Kieu_Chan"; Value = ""; VariantName = "[No Variations]"
Change component parameters (AddParameter): Name = "Ma_Hang"; Value = "MH000944"; VariantName = "[No Variations]"
Change component parameters (AddParameter): Name = "Ten_Linh_Kien"; Value = "Diode M7 1N4007 SMD 1A 1000V"; VariantName = "[No Variations]"
Change component parameters: Designator = "C1"; Footprint = "HDR4"; UniqueID = "\SKPEXRNY"
Change component parameters. Clean all parameters for all variants
Change component parameters (AddParameter): Name = "ComponentLink1 Description"; Value = "Manufacturer"; VariantName = "[No Variations]"
Change component parameters (AddParameter): Name = "ComponentLink1URL"; Value = "http://www.we-online.com"; VariantName = "[No Variations]"
Change component parameters (AddParameter): Name = "ComponentLink2 Description"; Value = "Datasheet"; VariantName = "[No Variations]"
Change component parameters (AddParameter): Name = "ComponentLink2URL"; Value = "http://katalog.we-online.de/em/datasheet/6130xx143121.pdf"; VariantName = "[No Variations]"
Change component parameters (AddParameter): Name = "Created by"; Value = "Karrer Zheng"; VariantName = "[No Variations]"
Change component parameters (AddParameter): Name = "Created Date"; Value = "29 March 2013"; VariantName = "[No Variations]"
Change component parameters (AddParameter): Name = "Manufacturer"; Value = "W¨¹rth Elektronik eiSos GmbH"; VariantName = "[No Variations]"
Change component parameters (AddParameter): Name = "NoPins"; Value = "02"; VariantName = "[No Variations]"
Change component parameters (AddParameter): Name = "partNo"; Value = "613002143121"; VariantName = "[No Variations]"
Change component parameters: Designator = "C2"; Footprint = "JP9-C1T"; UniqueID = "\LGQCSQAQ"
Change component parameters. Clean all parameters for all variants
Change component parameters (AddParameter): Name = "ComponentLink1 Description"; Value = "Manufacturer"; VariantName = "[No Variations]"
Change component parameters (AddParameter): Name = "ComponentLink1URL"; Value = "http://www.we-online.com"; VariantName = "[No Variations]"
Change component parameters (AddParameter): Name = "ComponentLink2 Description"; Value = "Datasheet"; VariantName = "[No Variations]"
Change component parameters (AddParameter): Name = "ComponentLink2URL"; Value = "http://katalog.we-online.de/em/datasheet/6130xx143121.pdf"; VariantName = "[No Variations]"
Change component parameters (AddParameter): Name = "Created by"; Value = "Karrer Zheng"; VariantName = "[No Variations]"
Change component parameters (AddParameter): Name = "Created Date"; Value = "29 March 2013"; VariantName = "[No Variations]"
Change component parameters (AddParameter): Name = "Manufacturer"; Value = "W¨¹rth Elektronik eiSos GmbH"; VariantName = "[No Variations]"
Change component parameters (AddParameter): Name = "NoPins"; Value = "09"; VariantName = "[No Variations]"
Change component parameters (AddParameter): Name = "partNo"; Value = "613009143121"; VariantName = "[No Variations]"
Change component parameters: Designator = "C4"; Footprint = "MQ5-MODULE"; UniqueID = "\PRASKWIV"
Change component parameters. Clean all parameters for all variants
Change component parameters (AddParameter): Name = "ComponentLink1 Description"; Value = "Manufacturer"; VariantName = "[No Variations]"
Change component parameters (AddParameter): Name = "ComponentLink1URL"; Value = "http://www.we-online.com"; VariantName = "[No Variations]"
Change component parameters (AddParameter): Name = "ComponentLink2 Description"; Value = "Datasheet"; VariantName = "[No Variations]"
Change component parameters (AddParameter): Name = "ComponentLink2URL"; Value = "http://katalog.we-online.de/em/datasheet/6130xx143121.pdf"; VariantName = "[No Variations]"
Change component parameters (AddParameter): Name = "Created by"; Value = "Karrer Zheng"; VariantName = "[No Variations]"
Change component parameters (AddParameter): Name = "Created Date"; Value = "29 March 2013"; VariantName = "[No Variations]"
Change component parameters (AddParameter): Name = "Manufacturer"; Value = "W¨¹rth Elektronik eiSos GmbH"; VariantName = "[No Variations]"
Change component parameters (AddParameter): Name = "NoPins"; Value = "04"; VariantName = "[No Variations]"
Change component parameters (AddParameter): Name = "partNo"; Value = "613004143121"; VariantName = "[No Variations]"
Change component parameters: Designator = "C5"; Footprint = "JP2-C1T"; UniqueID = "\TASHVBQG"
Change component parameters. Clean all parameters for all variants
Change component parameters (AddParameter): Name = "ComponentLink1 Description"; Value = "Manufacturer"; VariantName = "[No Variations]"
Change component parameters (AddParameter): Name = "ComponentLink1URL"; Value = "http://www.we-online.com"; VariantName = "[No Variations]"
Change component parameters (AddParameter): Name = "ComponentLink2 Description"; Value = "Datasheet"; VariantName = "[No Variations]"
Change component parameters (AddParameter): Name = "ComponentLink2URL"; Value = "http://katalog.we-online.de/em/datasheet/6130xx143121.pdf"; VariantName = "[No Variations]"
Change component parameters (AddParameter): Name = "Created by"; Value = "Karrer Zheng"; VariantName = "[No Variations]"
Change component parameters (AddParameter): Name = "Created Date"; Value = "29 March 2013"; VariantName = "[No Variations]"
Change component parameters (AddParameter): Name = "Manufacturer"; Value = "W¨¹rth Elektronik eiSos GmbH"; VariantName = "[No Variations]"
Change component parameters (AddParameter): Name = "NoPins"; Value = "02"; VariantName = "[No Variations]"
Change component parameters (AddParameter): Name = "partNo"; Value = "613002143121"; VariantName = "[No Variations]"
Change component parameters: Designator = "C10"; Footprint = "JP4-C1T"; UniqueID = "\UFTNUHNM"
Change component parameters. Clean all parameters for all variants
Change component parameters (AddParameter): Name = "ComponentLink1 Description"; Value = "Manufacturer"; VariantName = "[No Variations]"
Change component parameters (AddParameter): Name = "ComponentLink1URL"; Value = "http://www.we-online.com"; VariantName = "[No Variations]"
Change component parameters (AddParameter): Name = "ComponentLink2 Description"; Value = "Datasheet"; VariantName = "[No Variations]"
Change component parameters (AddParameter): Name = "ComponentLink2URL"; Value = "http://katalog.we-online.de/em/datasheet/6130xx143121.pdf"; VariantName = "[No Variations]"
Change component parameters (AddParameter): Name = "Created by"; Value = "Karrer Zheng"; VariantName = "[No Variations]"
Change component parameters (AddParameter): Name = "Created Date"; Value = "29 March 2013"; VariantName = "[No Variations]"
Change component parameters (AddParameter): Name = "Manufacturer"; Value = "W¨¹rth Elektronik eiSos GmbH"; VariantName = "[No Variations]"
Change component parameters (AddParameter): Name = "NoPins"; Value = "04"; VariantName = "[No Variations]"
Change component parameters (AddParameter): Name = "partNo"; Value = "613004143121"; VariantName = "[No Variations]"
Change component parameters: Designator = "J1"; Footprint = "KF3-5.08"; UniqueID = "\KRJRNIRY"
Change component parameters. Clean all parameters for all variants
Change component parameters (AddParameter): Name = "ComponentLink1 Description"; Value = "Manufacturer"; VariantName = "[No Variations]"
Change component parameters (AddParameter): Name = "ComponentLink1URL"; Value = "http://www.we-online.com"; VariantName = "[No Variations]"
Change component parameters (AddParameter): Name = "ComponentLink2 Description"; Value = "Datasheet"; VariantName = "[No Variations]"
Change component parameters (AddParameter): Name = "ComponentLink2URL"; Value = "http://katalog.we-online.de/em/datasheet/6911031100xx.pdf"; VariantName = "[No Variations]"
Change component parameters (AddParameter): Name = "Created by"; Value = "Karrer Zheng"; VariantName = "[No Variations]"
Change component parameters (AddParameter): Name = "Created Date"; Value = "29 October 2013"; VariantName = "[No Variations]"
Change component parameters (AddParameter): Name = "Manufacturer"; Value = "Würth Elektronik eiSos GmbH"; VariantName = "[No Variations]"
Change component parameters (AddParameter): Name = "NoPins"; Value = "3"; VariantName = "[No Variations]"
Change component parameters (AddParameter): Name = "partNo"; Value = "691103110003"; VariantName = "[No Variations]"
Change component parameters: Designator = "J2"; Footprint = "KF3-5.08"; UniqueID = "\LNDBKLOH"
Change component parameters. Clean all parameters for all variants
Change component parameters (AddParameter): Name = "ComponentLink1 Description"; Value = "Manufacturer"; VariantName = "[No Variations]"
Change component parameters (AddParameter): Name = "ComponentLink1URL"; Value = "http://www.we-online.com"; VariantName = "[No Variations]"
Change component parameters (AddParameter): Name = "ComponentLink2 Description"; Value = "Datasheet"; VariantName = "[No Variations]"
Change component parameters (AddParameter): Name = "ComponentLink2URL"; Value = "http://katalog.we-online.de/em/datasheet/6911031100xx.pdf"; VariantName = "[No Variations]"
Change component parameters (AddParameter): Name = "Created by"; Value = "Karrer Zheng"; VariantName = "[No Variations]"
Change component parameters (AddParameter): Name = "Created Date"; Value = "29 October 2013"; VariantName = "[No Variations]"
Change component parameters (AddParameter): Name = "Manufacturer"; Value = "Würth Elektronik eiSos GmbH"; VariantName = "[No Variations]"
Change component parameters (AddParameter): Name = "NoPins"; Value = "3"; VariantName = "[No Variations]"
Change component parameters (AddParameter): Name = "partNo"; Value = "691103110003"; VariantName = "[No Variations]"
Change component parameters: Designator = "J4"; Footprint = "KF3-5.08"; UniqueID = "\UDBGKRRQ"
Change component parameters. Clean all parameters for all variants
Change component parameters (AddParameter): Name = "ComponentLink1 Description"; Value = "Manufacturer"; VariantName = "[No Variations]"
Change component parameters (AddParameter): Name = "ComponentLink1URL"; Value = "http://www.we-online.com"; VariantName = "[No Variations]"
Change component parameters (AddParameter): Name = "ComponentLink2 Description"; Value = "Datasheet"; VariantName = "[No Variations]"
Change component parameters (AddParameter): Name = "ComponentLink2URL"; Value = "http://katalog.we-online.de/em/datasheet/6911031100xx.pdf"; VariantName = "[No Variations]"
Change component parameters (AddParameter): Name = "Created by"; Value = "Karrer Zheng"; VariantName = "[No Variations]"
Change component parameters (AddParameter): Name = "Created Date"; Value = "29 October 2013"; VariantName = "[No Variations]"
Change component parameters (AddParameter): Name = "Manufacturer"; Value = "Würth Elektronik eiSos GmbH"; VariantName = "[No Variations]"
Change component parameters (AddParameter): Name = "NoPins"; Value = "3"; VariantName = "[No Variations]"
Change component parameters (AddParameter): Name = "partNo"; Value = "691103110003"; VariantName = "[No Variations]"
Change component parameters: Designator = "J5"; Footprint = "KF3-5.08"; UniqueID = "\WGJJMWBF"
Change component parameters. Clean all parameters for all variants
Change component parameters (AddParameter): Name = "ComponentLink1 Description"; Value = "Manufacturer"; VariantName = "[No Variations]"
Change component parameters (AddParameter): Name = "ComponentLink1URL"; Value = "http://www.we-online.com"; VariantName = "[No Variations]"
Change component parameters (AddParameter): Name = "ComponentLink2 Description"; Value = "Datasheet"; VariantName = "[No Variations]"
Change component parameters (AddParameter): Name = "ComponentLink2URL"; Value = "http://katalog.we-online.de/em/datasheet/6911031100xx.pdf"; VariantName = "[No Variations]"
Change component parameters (AddParameter): Name = "Created by"; Value = "Karrer Zheng"; VariantName = "[No Variations]"
Change component parameters (AddParameter): Name = "Created Date"; Value = "29 October 2013"; VariantName = "[No Variations]"
Change component parameters (AddParameter): Name = "Manufacturer"; Value = "Würth Elektronik eiSos GmbH"; VariantName = "[No Variations]"
Change component parameters (AddParameter): Name = "NoPins"; Value = "3"; VariantName = "[No Variations]"
Change component parameters (AddParameter): Name = "partNo"; Value = "691103110003"; VariantName = "[No Variations]"
Added Component: Designator=C14(CAP_0402)
Add component. Clean all parameters for all variants
Add component (AddParameter): Name = "LatestRevisionDate"; Value = "17-Jul-2002"; VariantName = "[No Variations]"
Add component (AddParameter): Name = "LatestRevisionNote"; Value = "Re-released for DXP Platform."; VariantName = "[No Variations]"
Add component (AddParameter): Name = "PackageReference"; Value = "RAD-0.3"; VariantName = "[No Variations]"
Add component (AddParameter): Name = "Published"; Value = "8-Jun-2000"; VariantName = "[No Variations]"
Add component (AddParameter): Name = "Publisher"; Value = "Altium Limited"; VariantName = "[No Variations]"
Add component (AddParameter): Name = "Value"; Value = "33p"; VariantName = "[No Variations]"
Added Component: Designator=C15(CAP_0402)
Add component. Clean all parameters for all variants
Add component (AddParameter): Name = "LatestRevisionDate"; Value = "17-Jul-2002"; VariantName = "[No Variations]"
Add component (AddParameter): Name = "LatestRevisionNote"; Value = "Re-released for DXP Platform."; VariantName = "[No Variations]"
Add component (AddParameter): Name = "PackageReference"; Value = "RAD-0.3"; VariantName = "[No Variations]"
Add component (AddParameter): Name = "Published"; Value = "8-Jun-2000"; VariantName = "[No Variations]"
Add component (AddParameter): Name = "Publisher"; Value = "Altium Limited"; VariantName = "[No Variations]"
Add component (AddParameter): Name = "Value"; Value = "33p"; VariantName = "[No Variations]"
Added Component: Designator=R24(RES-SMD-0101)
Add component. Clean all parameters for all variants
Add component (AddParameter): Name = "Class"; Value = "Passive"; VariantName = "[No Variations]"
Add component (AddParameter): Name = "Manufacturer"; Value = "Generic Components"; VariantName = "[No Variations]"
Add component (AddParameter): Name = "Published"; Value = "08/06/2000"; VariantName = "[No Variations]"
Add component (AddParameter): Name = "Publisher"; Value = "Altium Hobart Technology Centre"; VariantName = "[No Variations]"
Added Pin To Net: NetName=GND Pin=C14-2
Added Pin To Net: NetName=GND Pin=C15-2
Added Pin To Net: NetName=+3V3 Pin=R24-2
Added Pin To Net: NetName=ADC Pin=C14-1
Added Pin To Net: NetName=ADC Pin=C15-1
Added Pin To Net: NetName=ADC Pin=R24-1
Added Pin To Net: NetName=ADC Pin=U2-7
Added Net: Name=ADC
Added Member To Class: ClassName=Schematic_Devices Member=Component C14 104
Added Member To Class: ClassName=Schematic_Devices Member=Component C15 104
Added Member To Class: ClassName=Schematic_Devices Member=Component R24 1k
Added Room: Name=Schematic_Devices
