Replace Part * DHT11_MODULE in C:\Users\Admin\OneDrive\Documents\năm 4\4. mạng cảm biến không dây\hardware\Altium\Schematic_Devices.SchDoc with DHT11_MODULE from My Library.SchLib
Replace Part C1 Header4 in C:\Users\Admin\OneDrive\Documents\năm 4\4. mạng cảm biến không dây\hardware\Altium\Schematic_Devices.SchDoc with Header4 from My Library.SchLib
Replace Part C2 JP9 in C:\Users\Admin\OneDrive\Documents\năm 4\4. mạng cảm biến không dây\hardware\Altium\Schematic_Devices.SchDoc with JP9 from My Library.SchLib
Replace Part C3 CapSMD in C:\Users\Admin\OneDrive\Documents\năm 4\4. mạng cảm biến không dây\hardware\Altium\Schematic_Devices.SchDoc with CapSMD from My Library.SchLib
Replace Part C4 MQ5-MOD in C:\Users\Admin\OneDrive\Documents\năm 4\4. mạng cảm biến không dây\hardware\Altium\Schematic_Devices.SchDoc with MQ5-MOD from My Library.SchLib
Replace Part C5 JP2 in C:\Users\Admin\OneDrive\Documents\năm 4\4. mạng cảm biến không dây\hardware\Altium\Schematic_Devices.SchDoc with JP2 from My Library.SchLib
Replace Part C6 CapSMD in C:\Users\Admin\OneDrive\Documents\năm 4\4. mạng cảm biến không dây\hardware\Altium\Schematic_Devices.SchDoc with CapSMD from My Library.SchLib
Replace Part C7 CapSMD in C:\Users\Admin\OneDrive\Documents\năm 4\4. mạng cảm biến không dây\hardware\Altium\Schematic_Devices.SchDoc with CapSMD from My Library.SchLib
Replace Part C8 CapSMD in C:\Users\Admin\OneDrive\Documents\năm 4\4. mạng cảm biến không dây\hardware\Altium\Schematic_Devices.SchDoc with CapSMD from My Library.SchLib
Replace Part C9 CapSMD in C:\Users\Admin\OneDrive\Documents\năm 4\4. mạng cảm biến không dây\hardware\Altium\Schematic_Devices.SchDoc with CapSMD from My Library.SchLib
Replace Part C10 JP4 in C:\Users\Admin\OneDrive\Documents\năm 4\4. mạng cảm biến không dây\hardware\Altium\Schematic_Devices.SchDoc with JP4 from My Library.SchLib
Replace Part C11 CapSMD in C:\Users\Admin\OneDrive\Documents\năm 4\4. mạng cảm biến không dây\hardware\Altium\Schematic_Devices.SchDoc with CapSMD from My Library.SchLib
Replace Part C12 CapSMD in C:\Users\Admin\OneDrive\Documents\năm 4\4. mạng cảm biến không dây\hardware\Altium\Schematic_Devices.SchDoc with CapSMD from My Library.SchLib
Replace Part C13 CapSMD in C:\Users\Admin\OneDrive\Documents\năm 4\4. mạng cảm biến không dây\hardware\Altium\Schematic_Devices.SchDoc with CapSMD from My Library.SchLib
Replace Part C14 CapSMD in C:\Users\Admin\OneDrive\Documents\năm 4\4. mạng cảm biến không dây\hardware\Altium\Schematic_Devices.SchDoc with CapSMD from My Library.SchLib
Replace Part C15 CapSMD in C:\Users\Admin\OneDrive\Documents\năm 4\4. mạng cảm biến không dây\hardware\Altium\Schematic_Devices.SchDoc with CapSMD from My Library.SchLib
Replace Part J1 KF3 in C:\Users\Admin\OneDrive\Documents\năm 4\4. mạng cảm biến không dây\hardware\Altium\Schematic_Devices.SchDoc with KF3 from My Library.SchLib
Replace Part J2 KF3 in C:\Users\Admin\OneDrive\Documents\năm 4\4. mạng cảm biến không dây\hardware\Altium\Schematic_Devices.SchDoc with KF3 from My Library.SchLib
Replace Part J4 KF3 in C:\Users\Admin\OneDrive\Documents\năm 4\4. mạng cảm biến không dây\hardware\Altium\Schematic_Devices.SchDoc with KF3 from My Library.SchLib
Replace Part J5 KF3 in C:\Users\Admin\OneDrive\Documents\năm 4\4. mạng cảm biến không dây\hardware\Altium\Schematic_Devices.SchDoc with KF3 from My Library.SchLib
Replace Part LED1 LED in C:\Users\Admin\OneDrive\Documents\năm 4\4. mạng cảm biến không dây\hardware\Altium\Schematic_Devices.SchDoc with LED from My Library.SchLib
Replace Part LED3 LED in C:\Users\Admin\OneDrive\Documents\năm 4\4. mạng cảm biến không dây\hardware\Altium\Schematic_Devices.SchDoc with LED from My Library.SchLib
Replace Part LED4 LED in C:\Users\Admin\OneDrive\Documents\năm 4\4. mạng cảm biến không dây\hardware\Altium\Schematic_Devices.SchDoc with LED from My Library.SchLib
Replace Part LED5 LED in C:\Users\Admin\OneDrive\Documents\năm 4\4. mạng cảm biến không dây\hardware\Altium\Schematic_Devices.SchDoc with LED from My Library.SchLib
Replace Part LED6 LED in C:\Users\Admin\OneDrive\Documents\năm 4\4. mạng cảm biến không dây\hardware\Altium\Schematic_Devices.SchDoc with LED from My Library.SchLib
Replace Part LED7 LED in C:\Users\Admin\OneDrive\Documents\năm 4\4. mạng cảm biến không dây\hardware\Altium\Schematic_Devices.SchDoc with LED from My Library.SchLib
Replace Part LED8 LED in C:\Users\Admin\OneDrive\Documents\năm 4\4. mạng cảm biến không dây\hardware\Altium\Schematic_Devices.SchDoc with LED from My Library.SchLib
Replace Part LED9 LED in C:\Users\Admin\OneDrive\Documents\năm 4\4. mạng cảm biến không dây\hardware\Altium\Schematic_Devices.SchDoc with LED from My Library.SchLib
Replace Part Q1 2N222 in C:\Users\Admin\OneDrive\Documents\năm 4\4. mạng cảm biến không dây\hardware\Altium\Schematic_Devices.SchDoc with 2N222 from My Library.SchLib
Replace Part Q2 2N222 in C:\Users\Admin\OneDrive\Documents\năm 4\4. mạng cảm biến không dây\hardware\Altium\Schematic_Devices.SchDoc with 2N222 from My Library.SchLib
Replace Part Q3 2N222 in C:\Users\Admin\OneDrive\Documents\năm 4\4. mạng cảm biến không dây\hardware\Altium\Schematic_Devices.SchDoc with 2N222 from My Library.SchLib
Replace Part Q4 2N222 in C:\Users\Admin\OneDrive\Documents\năm 4\4. mạng cảm biến không dây\hardware\Altium\Schematic_Devices.SchDoc with 2N222 from My Library.SchLib
Replace Part R1 Resistor - SMD in C:\Users\Admin\OneDrive\Documents\năm 4\4. mạng cảm biến không dây\hardware\Altium\Schematic_Devices.SchDoc with Resistor - SMD from My Library.SchLib
Replace Part R2 Resistor - SMD in C:\Users\Admin\OneDrive\Documents\năm 4\4. mạng cảm biến không dây\hardware\Altium\Schematic_Devices.SchDoc with Resistor - SMD from My Library.SchLib
Replace Part R3 Resistor - SMD in C:\Users\Admin\OneDrive\Documents\năm 4\4. mạng cảm biến không dây\hardware\Altium\Schematic_Devices.SchDoc with Resistor - SMD from My Library.SchLib
Replace Part R4 Resistor - SMD in C:\Users\Admin\OneDrive\Documents\năm 4\4. mạng cảm biến không dây\hardware\Altium\Schematic_Devices.SchDoc with Resistor - SMD from My Library.SchLib
Replace Part R5 Resistor - SMD in C:\Users\Admin\OneDrive\Documents\năm 4\4. mạng cảm biến không dây\hardware\Altium\Schematic_Devices.SchDoc with Resistor - SMD from My Library.SchLib
Replace Part R6 Resistor - SMD in C:\Users\Admin\OneDrive\Documents\năm 4\4. mạng cảm biến không dây\hardware\Altium\Schematic_Devices.SchDoc with Resistor - SMD from My Library.SchLib
Replace Part R7 Resistor - SMD in C:\Users\Admin\OneDrive\Documents\năm 4\4. mạng cảm biến không dây\hardware\Altium\Schematic_Devices.SchDoc with Resistor - SMD from My Library.SchLib
Replace Part R8 Resistor - SMD in C:\Users\Admin\OneDrive\Documents\năm 4\4. mạng cảm biến không dây\hardware\Altium\Schematic_Devices.SchDoc with Resistor - SMD from My Library.SchLib
Replace Part R9 Resistor - SMD in C:\Users\Admin\OneDrive\Documents\năm 4\4. mạng cảm biến không dây\hardware\Altium\Schematic_Devices.SchDoc with Resistor - SMD from My Library.SchLib
Replace Part R10 Resistor - SMD in C:\Users\Admin\OneDrive\Documents\năm 4\4. mạng cảm biến không dây\hardware\Altium\Schematic_Devices.SchDoc with Resistor - SMD from My Library.SchLib
Replace Part R11 Resistor - SMD in C:\Users\Admin\OneDrive\Documents\năm 4\4. mạng cảm biến không dây\hardware\Altium\Schematic_Devices.SchDoc with Resistor - SMD from My Library.SchLib
Replace Part R12 Resistor - SMD in C:\Users\Admin\OneDrive\Documents\năm 4\4. mạng cảm biến không dây\hardware\Altium\Schematic_Devices.SchDoc with Resistor - SMD from My Library.SchLib
Replace Part R13 Resistor - SMD in C:\Users\Admin\OneDrive\Documents\năm 4\4. mạng cảm biến không dây\hardware\Altium\Schematic_Devices.SchDoc with Resistor - SMD from My Library.SchLib
Replace Part R14 Resistor - SMD in C:\Users\Admin\OneDrive\Documents\năm 4\4. mạng cảm biến không dây\hardware\Altium\Schematic_Devices.SchDoc with Resistor - SMD from My Library.SchLib
Replace Part R15 Resistor - SMD in C:\Users\Admin\OneDrive\Documents\năm 4\4. mạng cảm biến không dây\hardware\Altium\Schematic_Devices.SchDoc with Resistor - SMD from My Library.SchLib
Replace Part R16 Resistor - SMD in C:\Users\Admin\OneDrive\Documents\năm 4\4. mạng cảm biến không dây\hardware\Altium\Schematic_Devices.SchDoc with Resistor - SMD from My Library.SchLib
Replace Part R17 Resistor - SMD in C:\Users\Admin\OneDrive\Documents\năm 4\4. mạng cảm biến không dây\hardware\Altium\Schematic_Devices.SchDoc with Resistor - SMD from My Library.SchLib
Replace Part R18 Resistor - SMD in C:\Users\Admin\OneDrive\Documents\năm 4\4. mạng cảm biến không dây\hardware\Altium\Schematic_Devices.SchDoc with Resistor - SMD from My Library.SchLib
Replace Part R19 Resistor - SMD in C:\Users\Admin\OneDrive\Documents\năm 4\4. mạng cảm biến không dây\hardware\Altium\Schematic_Devices.SchDoc with Resistor - SMD from My Library.SchLib
Replace Part R20 Resistor - SMD in C:\Users\Admin\OneDrive\Documents\năm 4\4. mạng cảm biến không dây\hardware\Altium\Schematic_Devices.SchDoc with Resistor - SMD from My Library.SchLib
Replace Part R21 Resistor - SMD in C:\Users\Admin\OneDrive\Documents\năm 4\4. mạng cảm biến không dây\hardware\Altium\Schematic_Devices.SchDoc with Resistor - SMD from My Library.SchLib
Replace Part R22 Resistor - SMD in C:\Users\Admin\OneDrive\Documents\năm 4\4. mạng cảm biến không dây\hardware\Altium\Schematic_Devices.SchDoc with Resistor - SMD from My Library.SchLib
Replace Part R23 Resistor - SMD in C:\Users\Admin\OneDrive\Documents\năm 4\4. mạng cảm biến không dây\hardware\Altium\Schematic_Devices.SchDoc with Resistor - SMD from My Library.SchLib
Replace Part R24 Resistor - SMD in C:\Users\Admin\OneDrive\Documents\năm 4\4. mạng cảm biến không dây\hardware\Altium\Schematic_Devices.SchDoc with Resistor - SMD from My Library.SchLib
Replace Part R40 Resistor - SMD in C:\Users\Admin\OneDrive\Documents\năm 4\4. mạng cảm biến không dây\hardware\Altium\Schematic_Devices.SchDoc with Resistor - SMD from My Library.SchLib
Replace Part RFID1 RFID RC522 in C:\Users\Admin\OneDrive\Documents\năm 4\4. mạng cảm biến không dây\hardware\Altium\Schematic_Devices.SchDoc with RFID RC522 from My Library.SchLib
Replace Part RL1 Relay 5 in C:\Users\Admin\OneDrive\Documents\năm 4\4. mạng cảm biến không dây\hardware\Altium\Schematic_Devices.SchDoc with Relay 5 from My Library.SchLib
Replace Part RL2 Relay 5 in C:\Users\Admin\OneDrive\Documents\năm 4\4. mạng cảm biến không dây\hardware\Altium\Schematic_Devices.SchDoc with Relay 5 from My Library.SchLib
Replace Part RL3 Relay 5 in C:\Users\Admin\OneDrive\Documents\năm 4\4. mạng cảm biến không dây\hardware\Altium\Schematic_Devices.SchDoc with Relay 5 from My Library.SchLib
Replace Part RL4 Relay 5 in C:\Users\Admin\OneDrive\Documents\năm 4\4. mạng cảm biến không dây\hardware\Altium\Schematic_Devices.SchDoc with Relay 5 from My Library.SchLib
Replace Part U2 ESP32-DEVKITC-32D in C:\Users\Admin\OneDrive\Documents\năm 4\4. mạng cảm biến không dây\hardware\Altium\Schematic_Devices.SchDoc with ESP32-DEVKITC-32D from My Library.SchLib
Replace Part U7 TP4056 in C:\Users\Admin\OneDrive\Documents\năm 4\4. mạng cảm biến không dây\hardware\Altium\Schematic_Devices.SchDoc with TP4056 from My Library.SchLib
Replace Part U8 DW01A in C:\Users\Admin\OneDrive\Documents\năm 4\4. mạng cảm biến không dây\hardware\Altium\Schematic_Devices.SchDoc with DW01A from My Library.SchLib
Replace Part U9 FS8205A in C:\Users\Admin\OneDrive\Documents\năm 4\4. mạng cảm biến không dây\hardware\Altium\Schematic_Devices.SchDoc with FS8205A from My Library.SchLib
