Change Component Footprint: Designator=C3 Old Footprint=CAP_0402 New Footprint=CAP_0805
Change Component Footprint: Designator=C6 Old Footprint=CAP_0402 New Footprint=CAP_0805
Change Component Footprint: Designator=C7 Old Footprint=CAP_0402 New Footprint=CAP_0805
Change Component Footprint: Designator=C8 Old Footprint=CAP_0402 New Footprint=CAP_0805
Change Component Footprint: Designator=C9 Old Footprint=CAP_0402 New Footprint=CAP_0805
Change Component Footprint: Designator=C11 Old Footprint=CAP_0402 New Footprint=CAP_0805
Change Component Footprint: Designator=C12 Old Footprint=CAP_0402 New Footprint=CAP_0805
Change Component Footprint: Designator=C13 Old Footprint=CAP_0402 New Footprint=CAP_0805
Change Component Footprint: Designator=LED6 Old Footprint=LED-3 New Footprint=LED-0805-Blue
Change Component Footprint: Designator=LED9 Old Footprint=LED-3 New Footprint=LED-0805-Blue
Change Component Footprint: Designator=LED7 Old Footprint=LED-3 New Footprint=LED-0805-Orange
Change Component Footprint: Designator=LED8 Old Footprint=LED-3 New Footprint=LED-0805-Orange
Change Component Footprint: Designator=LED1 Old Footprint=LED-3 New Footprint=LED-0805-Red
Change Component Footprint: Designator=LED3 Old Footprint=LED-3 New Footprint=LED-0805-Red
Change Component Footprint: Designator=LED4 Old Footprint=LED-3 New Footprint=LED-0805-Red
Change Component Footprint: Designator=LED5 Old Footprint=LED-3 New Footprint=LED-0805-Red
Change Component Footprint: Designator=C4 Old Footprint=MQ5-MODULE New Footprint=JP4-C1T
Change Component Footprint: Designator=RL1 Old Footprint=RELAY 5 New Footprint=RELAY5PIN-10A
Change Component Footprint: Designator=RL2 Old Footprint=RELAY 5 New Footprint=RELAY5PIN-10A
Change Component Footprint: Designator=RL3 Old Footprint=RELAY 5 New Footprint=RELAY5PIN-10A
Change Component Footprint: Designator=RL4 Old Footprint=RELAY 5 New Footprint=RELAY5PIN-10A
Change Component Footprint: Designator=R1 Old Footprint=RES-SMD-0101 New Footprint=RES-SMD-0805
Change Component Footprint: Designator=R2 Old Footprint=RES-SMD-0101 New Footprint=RES-SMD-0805
Change Component Footprint: Designator=R3 Old Footprint=RES-SMD-0101 New Footprint=RES-SMD-0805
Change Component Footprint: Designator=R4 Old Footprint=RES-SMD-0101 New Footprint=RES-SMD-0805
Change Component Footprint: Designator=R5 Old Footprint=RES-SMD-0101 New Footprint=RES-SMD-0805
Change Component Footprint: Designator=R6 Old Footprint=RES-SMD-0101 New Footprint=RES-SMD-0805
Change Component Footprint: Designator=R7 Old Footprint=RES-SMD-0101 New Footprint=RES-SMD-0805
Change Component Footprint: Designator=R8 Old Footprint=RES-SMD-0101 New Footprint=RES-SMD-0805
Change Component Footprint: Designator=R9 Old Footprint=RES-SMD-0101 New Footprint=RES-SMD-0805
Change Component Footprint: Designator=R10 Old Footprint=RES-SMD-0101 New Footprint=RES-SMD-0805
Change Component Footprint: Designator=R11 Old Footprint=RES-SMD-0101 New Footprint=RES-SMD-0805
Change Component Footprint: Designator=R12 Old Footprint=RES-SMD-0101 New Footprint=RES-SMD-0805
Change Component Footprint: Designator=R13 Old Footprint=RES-SMD-0101 New Footprint=RES-SMD-0805
Change Component Footprint: Designator=R14 Old Footprint=RES-SMD-0101 New Footprint=RES-SMD-0805
Change Component Footprint: Designator=R15 Old Footprint=RES-SMD-0101 New Footprint=RES-SMD-0805
Change Component Footprint: Designator=R16 Old Footprint=RES-SMD-0101 New Footprint=RES-SMD-0805
Change Component Footprint: Designator=R17 Old Footprint=RES-SMD-0101 New Footprint=RES-SMD-0805
Change Component Footprint: Designator=R18 Old Footprint=RES-SMD-0101 New Footprint=RES-SMD-0805
Change Component Footprint: Designator=R19 Old Footprint=RES-SMD-0101 New Footprint=RES-SMD-0805
Change Component Footprint: Designator=R20 Old Footprint=RES-SMD-0101 New Footprint=RES-SMD-0805
Change Component Footprint: Designator=R21 Old Footprint=RES-SMD-0101 New Footprint=RES-SMD-0805
Change Component Footprint: Designator=R22 Old Footprint=RES-SMD-0101 New Footprint=RES-SMD-0805
Change Component Footprint: Designator=R23 Old Footprint=RES-SMD-0101 New Footprint=RES-SMD-0805
Change Component Footprint: Designator=R40 Old Footprint=RES-SMD-0101 New Footprint=RES-SMD-0805
Change Component Footprint: Designator=Q1 Old Footprint=TO92-123 New Footprint=SOT23D
Change Component Footprint: Designator=Q2 Old Footprint=TO92-123 New Footprint=SOT23D
Change Component Footprint: Designator=Q3 Old Footprint=TO92-123 New Footprint=SOT23D
Change Component Footprint: Designator=Q4 Old Footprint=TO92-123 New Footprint=SOT23D
Change Component Comment: Designator=R16 Old Comment=1k New Comment=0.4R
Change Component Comment: Designator=R22 Old Comment=1k New Comment=0R
Change Component Comment: Designator=R23 Old Comment=1k New Comment=0R
Change Component Comment: Designator=R20 Old Comment=1k New Comment=1.2K
Change Component Comment: Designator=R4 Old Comment=1k New Comment=10K
Change Component Comment: Designator=R13 Old Comment=1k New Comment=10k
Change Component Comment: Designator=R40 Old Comment=1k New Comment=10K
Change Component Comment: Designator=R17 Old Comment=1k New Comment=100R
Change Component Comment: Designator=R1 Old Comment=1k New Comment=470
Change Component Comment: Designator=R5 Old Comment=1k New Comment=470
Change Component Comment: Designator=R7 Old Comment=1k New Comment=470R
Change Component Comment: Designator=R9 Old Comment=1k New Comment=470R
Change Component Comment: Designator=R11 Old Comment=1k New Comment=470R
Change Component Comment: Designator=C6 Old Comment=104 New Comment=1uF
Change Component Comment: Designator=C13 Old Comment=104 New Comment=4.7uf
Change Component Comment: Designator=C3 Old Comment=104 New Comment=10uF
Change Component Comment: Designator=C8 Old Comment=104 New Comment=10uF
Change Component Comment: Designator=C7 Old Comment=104 New Comment=100nF
Change Component Comment: Designator=C9 Old Comment=104 New Comment=100nF
Change Component Comment: Designator=C11 Old Comment=104 New Comment=100nF
Change Component Comment: Designator=C12 Old Comment=104 New Comment=100nF
